0 info it worked if it ends with ok
1 verbose cli [ 'C:\\Program Files (x86)\\nodejs\\node.exe',
1 verbose cli   'C:\\Users\\Azur\\AppData\\Roaming\\npm\\node_modules\\npm\\bin\\npm-cli.js',
1 verbose cli   'install',
1 verbose cli   'cygwin' ]
2 info using npm@2.14.3
3 info using node@v4.0.0
4 verbose install initial load of C:\Users\Azur\Desktop\snakes-on-a-page\package.json
5 verbose installManyTop reading scoped package data from C:\Users\Azur\Desktop\snakes-on-a-page\node_modules\express\package.json
6 verbose installManyTop reading scoped package data from C:\Users\Azur\Desktop\snakes-on-a-page\node_modules\openssl\package.json
7 info package.json openssl@0.1.0 No repository field.
8 info package.json openssl@0.1.0 license should be a valid SPDX license expression
9 verbose readDependencies loading dependencies from C:\Users\Azur\Desktop\snakes-on-a-page\package.json
10 silly cache add args [ 'cygwin', null ]
11 verbose cache add spec cygwin
12 silly cache add parsed spec Result {
12 silly cache add   raw: 'cygwin',
12 silly cache add   scope: null,
12 silly cache add   name: 'cygwin',
12 silly cache add   rawSpec: '',
12 silly cache add   spec: '*',
12 silly cache add   type: 'range' }
13 silly addNamed cygwin@*
14 verbose addNamed "*" is a valid semver range for cygwin
15 silly addNameRange { name: 'cygwin', range: '*', hasData: false }
16 silly mapToRegistry name cygwin
17 silly mapToRegistry using default registry
18 silly mapToRegistry registry https://registry.npmjs.org/
19 silly mapToRegistry uri https://registry.npmjs.org/cygwin
20 verbose addNameRange registry:https://registry.npmjs.org/cygwin not in flight; fetching
21 verbose request uri https://registry.npmjs.org/cygwin
22 verbose request no auth needed
23 info attempt registry request try #1 at 14:16:43
24 verbose request id 78d6e3f6e6854569
25 http request GET https://registry.npmjs.org/cygwin
26 http 404 https://registry.npmjs.org/cygwin
27 verbose headers { 'content-type': 'application/json',
27 verbose headers   'cache-control': 'max-age=0',
27 verbose headers   'content-length': '2',
27 verbose headers   'accept-ranges': 'bytes',
27 verbose headers   date: 'Wed, 16 Sep 2015 12:16:50 GMT',
27 verbose headers   via: '1.1 varnish',
27 verbose headers   age: '0',
27 verbose headers   connection: 'keep-alive',
27 verbose headers   'x-served-by': 'cache-fra1221-FRA',
27 verbose headers   'x-cache': 'MISS',
27 verbose headers   'x-cache-hits': '0',
27 verbose headers   'x-timer': 'S1442405810.165521,VS0,VE187' }
28 silly get cb [ 404,
28 silly get   { 'content-type': 'application/json',
28 silly get     'cache-control': 'max-age=0',
28 silly get     'content-length': '2',
28 silly get     'accept-ranges': 'bytes',
28 silly get     date: 'Wed, 16 Sep 2015 12:16:50 GMT',
28 silly get     via: '1.1 varnish',
28 silly get     age: '0',
28 silly get     connection: 'keep-alive',
28 silly get     'x-served-by': 'cache-fra1221-FRA',
28 silly get     'x-cache': 'MISS',
28 silly get     'x-cache-hits': '0',
28 silly get     'x-timer': 'S1442405810.165521,VS0,VE187' } ]
29 verbose stack Error: Registry returned 404 for GET on https://registry.npmjs.org/cygwin
29 verbose stack     at makeError (C:\Users\Azur\AppData\Roaming\npm\node_modules\npm\node_modules\npm-registry-client\lib\request.js:263:12)
29 verbose stack     at CachingRegistryClient.<anonymous> (C:\Users\Azur\AppData\Roaming\npm\node_modules\npm\node_modules\npm-registry-client\lib\request.js:241:14)
29 verbose stack     at Request._callback (C:\Users\Azur\AppData\Roaming\npm\node_modules\npm\node_modules\npm-registry-client\lib\request.js:171:14)
29 verbose stack     at Request.self.callback (C:\Users\Azur\AppData\Roaming\npm\node_modules\npm\node_modules\request\request.js:198:22)
29 verbose stack     at emitTwo (events.js:87:13)
29 verbose stack     at Request.emit (events.js:172:7)
29 verbose stack     at Request.<anonymous> (C:\Users\Azur\AppData\Roaming\npm\node_modules\npm\node_modules\request\request.js:1073:14)
29 verbose stack     at emitOne (events.js:82:20)
29 verbose stack     at Request.emit (events.js:169:7)
29 verbose stack     at IncomingMessage.<anonymous> (C:\Users\Azur\AppData\Roaming\npm\node_modules\npm\node_modules\request\request.js:1019:12)
30 verbose statusCode 404
31 verbose pkgid cygwin
32 verbose cwd C:\Users\Azur\Desktop\snakes-on-a-page
33 error Windows_NT 10.0.10240
34 error argv "C:\\Program Files (x86)\\nodejs\\node.exe" "C:\\Users\\Azur\\AppData\\Roaming\\npm\\node_modules\\npm\\bin\\npm-cli.js" "install" "cygwin"
35 error node v4.0.0
36 error npm  v2.14.3
37 error code E404
38 error 404 Registry returned 404 for GET on https://registry.npmjs.org/cygwin
38 error 404
38 error 404 'cygwin' is not in the npm registry.
38 error 404 You should bug the author to publish it (or use the name yourself!)
38 error 404
38 error 404 Note that you can also install from a
38 error 404 tarball, folder, http url, or git url.
39 verbose exit [ 1, true ]
